2023-01-18 09:35:01,830 [Worker-0: Loading available Gradle versions] INFO  o.e.b.c.i.u.g.PublishedGradleVersions - Gradle version information cache is up-to-date. Trying to read.
2023-01-18 09:37:46,610 [Worker-15: Creating maven-archetype-webapp] INFO  o.e.m.c.i.p.ProjectConfigurationManager - Collecting project info '/pom.xml' C:\Users\Acer\Documents\GitHub\SeQR-Website\SeQR-Backend\SeQR-Backend\pom.xml
2023-01-18 09:37:49,318 [Worker-15: Creating maven-archetype-webapp] INFO  o.e.m.c.i.l.LifecycleMappingFactory - Using org.maven.ide.eclipse.wtp.WarLifecycleMapping lifecycle mapping for MavenProject: com.seqr.restapi:SeQR-Backend:0.0.1-SNAPSHOT @ C:\Users\Acer\Documents\GitHub\SeQR-Website\SeQR-Backend\SeQR-Backend\pom.xml.
2023-01-18 09:37:50,768 [Worker-15: Creating maven-archetype-webapp] INFO  o.e.m.j.i.AbstractJavaProjectConfigurator - Adding source folder /SeQR-Backend/src/main/java
2023-01-18 09:37:50,769 [Worker-15: Creating maven-archetype-webapp] INFO  o.e.m.j.i.AbstractJavaProjectConfigurator - Adding source folder /SeQR-Backend/src/test/java
2023-01-18 09:37:52,346 [Worker-15: Creating maven-archetype-webapp] INFO  o.e.m.c.i.p.ProjectConfigurationManager - Imported and configured 1 project(s) in 5 sec
2023-01-18 09:37:52,722 [Worker-20: Building] INFO  o.e.m.c.i.embedder.EclipseLogger - Using 'UTF-8' encoding to copy filtered resources.
2023-01-18 09:37:52,723 [Worker-20: Building] INFO  o.e.m.c.i.embedder.EclipseLogger - skip non existing resourceDirectory C:\Users\Acer\Documents\GitHub\SeQR-Website\SeQR-Backend\SeQR-Backend\src\main\resources
2023-01-18 09:37:52,726 [Worker-20: Building] INFO  o.e.m.c.i.embedder.EclipseLogger - Using 'UTF-8' encoding to copy filtered resources.
2023-01-18 09:37:52,726 [Worker-20: Building] INFO  o.e.m.c.i.embedder.EclipseLogger - skip non existing resourceDirectory C:\Users\Acer\Documents\GitHub\SeQR-Website\SeQR-Backend\SeQR-Backend\src\test\resources
2023-01-18 09:39:17,027 [Worker-15: Building] INFO  o.e.m.c.i.embedder.EclipseLogger - Using 'UTF-8' encoding to copy filtered resources.
2023-01-18 09:39:17,027 [Worker-15: Building] INFO  o.e.m.c.i.embedder.EclipseLogger - skip non existing resourceDirectory C:\Users\Acer\Documents\GitHub\SeQR-Website\SeQR-Backend\SeQR-Backend\src\main\resources
2023-01-18 09:39:17,028 [Worker-15: Building] INFO  o.e.m.c.i.embedder.EclipseLogger - Using 'UTF-8' encoding to copy filtered resources.
2023-01-18 09:39:17,028 [Worker-15: Building] INFO  o.e.m.c.i.embedder.EclipseLogger - skip non existing resourceDirectory C:\Users\Acer\Documents\GitHub\SeQR-Website\SeQR-Backend\SeQR-Backend\src\test\resources
2023-01-18 09:39:20,756 [Worker-12: Building] INFO  o.e.m.c.i.embedder.EclipseLogger - Using 'UTF-8' encoding to copy filtered resources.
2023-01-18 09:39:20,756 [Worker-12: Building] INFO  o.e.m.c.i.embedder.EclipseLogger - skip non existing resourceDirectory C:\Users\Acer\Documents\GitHub\SeQR-Website\SeQR-Backend\SeQR-Backend\src\main\resources
2023-01-18 09:39:20,757 [Worker-12: Building] INFO  o.e.m.c.i.embedder.EclipseLogger - Using 'UTF-8' encoding to copy filtered resources.
2023-01-18 09:39:20,758 [Worker-12: Building] INFO  o.e.m.c.i.embedder.EclipseLogger - skip non existing resourceDirectory C:\Users\Acer\Documents\GitHub\SeQR-Website\SeQR-Backend\SeQR-Backend\src\test\resources
2023-01-18 09:40:51,214 [Worker-20: Building] INFO  o.e.m.c.i.embedder.EclipseLogger - Using 'UTF-8' encoding to copy filtered resources.
2023-01-18 09:40:51,214 [Worker-20: Building] INFO  o.e.m.c.i.embedder.EclipseLogger - skip non existing resourceDirectory C:\Users\Acer\Documents\GitHub\SeQR-Website\SeQR-Backend\SeQR-Backend\src\main\resources
2023-01-18 09:40:51,216 [Worker-20: Building] INFO  o.e.m.c.i.embedder.EclipseLogger - Using 'UTF-8' encoding to copy filtered resources.
2023-01-18 09:40:51,216 [Worker-20: Building] INFO  o.e.m.c.i.embedder.EclipseLogger - skip non existing resourceDirectory C:\Users\Acer\Documents\GitHub\SeQR-Website\SeQR-Backend\SeQR-Backend\src\test\resources
2023-01-18 09:41:20,512 [Worker-12: Building] INFO  o.e.m.c.i.embedder.EclipseLogger - Using 'UTF-8' encoding to copy filtered resources.
2023-01-18 09:41:20,512 [Worker-12: Building] INFO  o.e.m.c.i.embedder.EclipseLogger - skip non existing resourceDirectory C:\Users\Acer\Documents\GitHub\SeQR-Website\SeQR-Backend\SeQR-Backend\src\main\resources
2023-01-18 09:41:20,513 [Worker-12: Building] INFO  o.e.m.c.i.embedder.EclipseLogger - Using 'UTF-8' encoding to copy filtered resources.
2023-01-18 09:41:20,513 [Worker-12: Building] INFO  o.e.m.c.i.embedder.EclipseLogger - skip non existing resourceDirectory C:\Users\Acer\Documents\GitHub\SeQR-Website\SeQR-Backend\SeQR-Backend\src\test\resources
2023-01-18 09:42:52,810 [Worker-15: Building] INFO  o.e.m.c.i.embedder.EclipseLogger - Using 'UTF-8' encoding to copy filtered resources.
2023-01-18 09:42:52,811 [Worker-15: Building] INFO  o.e.m.c.i.embedder.EclipseLogger - skip non existing resourceDirectory C:\Users\Acer\Documents\GitHub\SeQR-Website\SeQR-Backend\SeQR-Backend\src\main\resources
2023-01-18 09:42:52,812 [Worker-15: Building] INFO  o.e.m.c.i.embedder.EclipseLogger - Using 'UTF-8' encoding to copy filtered resources.
2023-01-18 09:42:52,812 [Worker-15: Building] INFO  o.e.m.c.i.embedder.EclipseLogger - skip non existing resourceDirectory C:\Users\Acer\Documents\GitHub\SeQR-Website\SeQR-Backend\SeQR-Backend\src\test\resources
2023-01-18 09:43:13,355 [Worker-15: Building] INFO  o.e.m.c.i.embedder.EclipseLogger - Using 'UTF-8' encoding to copy filtered resources.
2023-01-18 09:43:13,355 [Worker-15: Building] INFO  o.e.m.c.i.embedder.EclipseLogger - skip non existing resourceDirectory C:\Users\Acer\Documents\GitHub\SeQR-Website\SeQR-Backend\SeQR-Backend\src\main\resources
2023-01-18 09:43:13,357 [Worker-15: Building] INFO  o.e.m.c.i.embedder.EclipseLogger - Using 'UTF-8' encoding to copy filtered resources.
2023-01-18 09:43:13,358 [Worker-15: Building] INFO  o.e.m.c.i.embedder.EclipseLogger - skip non existing resourceDirectory C:\Users\Acer\Documents\GitHub\SeQR-Website\SeQR-Backend\SeQR-Backend\src\test\resources
2023-01-18 09:44:12,022 [Worker-23: Updating Maven Project] INFO  o.e.m.c.i.p.ProjectConfigurationManager - Update started
2023-01-18 09:44:12,298 [Worker-23: Updating Maven Project] INFO  o.e.m.c.i.l.LifecycleMappingFactory - Using org.maven.ide.eclipse.wtp.WarLifecycleMapping lifecycle mapping for MavenProject: com.seqr.restapi:SeQR-Backend:0.0.1-SNAPSHOT @ C:\Users\Acer\Documents\GitHub\SeQR-Website\SeQR-Backend\SeQR-Backend\pom.xml.
2023-01-18 09:44:12,900 [Worker-23: Updating Maven Project] INFO  o.e.m.j.i.AbstractJavaProjectConfigurator - Adding source folder /SeQR-Backend/src/main/java
2023-01-18 09:44:12,905 [Worker-23: Updating Maven Project] INFO  o.e.m.j.i.AbstractJavaProjectConfigurator - Adding source folder /SeQR-Backend/src/test/java
2023-01-18 09:44:14,454 [Worker-23: Updating Maven Project] INFO  o.e.m.w.i.f.ResourceFilteringBuildParticipant - Cleaning filtered folder for SeQR-Backend
2023-01-18 09:44:14,460 [Worker-23: Updating Maven Project] INFO  o.e.m.c.i.p.ProjectConfigurationManager - Update completed: 2 sec
2023-01-18 09:44:14,637 [Worker-26: Building] INFO  o.e.m.c.i.embedder.EclipseLogger - Using 'UTF-8' encoding to copy filtered resources.
2023-01-18 09:44:14,637 [Worker-26: Building] INFO  o.e.m.c.i.embedder.EclipseLogger - skip non existing resourceDirectory C:\Users\Acer\Documents\GitHub\SeQR-Website\SeQR-Backend\SeQR-Backend\src\main\resources
2023-01-18 09:44:14,640 [Worker-26: Building] INFO  o.e.m.c.i.embedder.EclipseLogger - Using 'UTF-8' encoding to copy filtered resources.
2023-01-18 09:44:14,640 [Worker-26: Building] INFO  o.e.m.c.i.embedder.EclipseLogger - skip non existing resourceDirectory C:\Users\Acer\Documents\GitHub\SeQR-Website\SeQR-Backend\SeQR-Backend\src\test\resources
2023-01-18 09:44:14,640 [Worker-26: Building] INFO  o.e.m.w.i.f.ResourceFilteringBuildParticipant - Changed resources require a complete clean of filtered resources of SeQR-Backend
2023-01-18 09:44:14,645 [Worker-26: Building] INFO  o.e.m.w.i.f.ResourceFilteringBuildParticipant - Executing resource filtering for SeQR-Backend
2023-01-18 09:44:14,649 [Worker-26: Building] INFO  o.e.m.c.i.embedder.EclipseLogger - Using 'UTF-8' encoding to copy filtered resources.
2023-01-18 09:44:31,223 [Worker-15: Building] INFO  o.e.m.c.i.l.LifecycleMappingFactory - Using org.maven.ide.eclipse.wtp.WarLifecycleMapping lifecycle mapping for MavenProject: com.seqr.restapi:SeQR-Backend:0.0.1-SNAPSHOT @ C:\Users\Acer\Documents\GitHub\SeQR-Website\SeQR-Backend\SeQR-Backend\pom.xml.
2023-01-18 09:44:31,883 [Worker-15: Building] INFO  o.e.m.c.i.embedder.EclipseLogger - Using 'UTF-8' encoding to copy filtered resources.
2023-01-18 09:44:31,884 [Worker-15: Building] INFO  o.e.m.c.i.embedder.EclipseLogger - skip non existing resourceDirectory C:\Users\Acer\Documents\GitHub\SeQR-Website\SeQR-Backend\SeQR-Backend\src\main\resources
2023-01-18 09:44:31,885 [Worker-15: Building] INFO  o.e.m.c.i.embedder.EclipseLogger - Using 'UTF-8' encoding to copy filtered resources.
2023-01-18 09:44:31,886 [Worker-15: Building] INFO  o.e.m.c.i.embedder.EclipseLogger - skip non existing resourceDirectory C:\Users\Acer\Documents\GitHub\SeQR-Website\SeQR-Backend\SeQR-Backend\src\test\resources
2023-01-18 09:44:31,886 [Worker-15: Building] INFO  o.e.m.w.i.f.ResourceFilteringBuildParticipant - Changed resources require a complete clean of filtered resources of SeQR-Backend
2023-01-18 09:44:31,886 [Worker-15: Building] INFO  o.e.m.w.i.f.ResourceFilteringBuildParticipant - Executing resource filtering for SeQR-Backend
2023-01-18 09:44:31,891 [Worker-15: Building] INFO  o.e.m.c.i.embedder.EclipseLogger - Using 'UTF-8' encoding to copy filtered resources.
2023-01-18 09:44:36,477 [Worker-23: Updating Maven Project] INFO  o.e.m.c.i.p.ProjectConfigurationManager - Update started
2023-01-18 09:44:36,743 [Worker-23: Updating Maven Project] INFO  o.e.m.c.i.l.LifecycleMappingFactory - Using org.maven.ide.eclipse.wtp.WarLifecycleMapping lifecycle mapping for MavenProject: com.seqr.restapi:SeQR-Backend:0.0.1-SNAPSHOT @ C:\Users\Acer\Documents\GitHub\SeQR-Website\SeQR-Backend\SeQR-Backend\pom.xml.
2023-01-18 09:44:37,261 [Worker-23: Updating Maven Project] INFO  o.e.m.j.i.AbstractJavaProjectConfigurator - Adding source folder /SeQR-Backend/src/main/java
2023-01-18 09:44:37,261 [Worker-23: Updating Maven Project] INFO  o.e.m.j.i.AbstractJavaProjectConfigurator - Adding source folder /SeQR-Backend/src/test/java
2023-01-18 09:44:37,794 [Worker-23: Updating Maven Project] INFO  o.e.m.w.i.f.ResourceFilteringBuildParticipant - Cleaning filtered folder for SeQR-Backend
2023-01-18 09:44:37,800 [Worker-23: Updating Maven Project] INFO  o.e.m.c.i.p.ProjectConfigurationManager - Update completed: 1 sec
2023-01-18 09:44:38,347 [Worker-15: Building Project SeQR-Backend] INFO  o.e.m.c.i.embedder.EclipseLogger - Using 'UTF-8' encoding to copy filtered resources.
2023-01-18 09:44:38,347 [Worker-15: Building Project SeQR-Backend] INFO  o.e.m.c.i.embedder.EclipseLogger - skip non existing resourceDirectory C:\Users\Acer\Documents\GitHub\SeQR-Website\SeQR-Backend\SeQR-Backend\src\main\resources
2023-01-18 09:44:38,349 [Worker-15: Building Project SeQR-Backend] INFO  o.e.m.c.i.embedder.EclipseLogger - Using 'UTF-8' encoding to copy filtered resources.
2023-01-18 09:44:38,349 [Worker-15: Building Project SeQR-Backend] INFO  o.e.m.c.i.embedder.EclipseLogger - skip non existing resourceDirectory C:\Users\Acer\Documents\GitHub\SeQR-Website\SeQR-Backend\SeQR-Backend\src\test\resources
2023-01-18 09:44:38,350 [Worker-15: Building Project SeQR-Backend] INFO  o.e.m.w.i.f.ResourceFilteringBuildParticipant - Changed resources require a complete clean of filtered resources of SeQR-Backend
2023-01-18 09:44:38,350 [Worker-15: Building Project SeQR-Backend] INFO  o.e.m.w.i.f.ResourceFilteringBuildParticipant - Executing resource filtering for SeQR-Backend
2023-01-18 09:44:38,355 [Worker-15: Building Project SeQR-Backend] INFO  o.e.m.c.i.embedder.EclipseLogger - Using 'UTF-8' encoding to copy filtered resources.
2023-01-18 09:45:23,072 [Worker-30: Building] INFO  o.e.m.c.i.embedder.EclipseLogger - Using 'UTF-8' encoding to copy filtered resources.
2023-01-18 09:45:23,073 [Worker-30: Building] INFO  o.e.m.c.i.embedder.EclipseLogger - skip non existing resourceDirectory C:\Users\Acer\Documents\GitHub\SeQR-Website\SeQR-Backend\SeQR-Backend\src\main\resources
2023-01-18 09:45:23,074 [Worker-30: Building] INFO  o.e.m.c.i.embedder.EclipseLogger - Using 'UTF-8' encoding to copy filtered resources.
2023-01-18 09:45:23,074 [Worker-30: Building] INFO  o.e.m.c.i.embedder.EclipseLogger - skip non existing resourceDirectory C:\Users\Acer\Documents\GitHub\SeQR-Website\SeQR-Backend\SeQR-Backend\src\test\resources
2023-01-18 09:47:20,872 [Worker-23: Building] INFO  o.e.m.c.i.l.LifecycleMappingFactory - Using org.maven.ide.eclipse.wtp.WarLifecycleMapping lifecycle mapping for MavenProject: com.seqr.restapi:SeQR-Backend:0.0.1-SNAPSHOT @ C:\Users\Acer\Documents\GitHub\SeQR-Website\SeQR-Backend\SeQR-Backend\pom.xml.
2023-01-18 09:47:22,042 [Worker-23: Building] INFO  o.e.m.c.i.embedder.EclipseLogger - Using 'UTF-8' encoding to copy filtered resources.
2023-01-18 09:47:22,043 [Worker-23: Building] INFO  o.e.m.c.i.embedder.EclipseLogger - skip non existing resourceDirectory C:\Users\Acer\Documents\GitHub\SeQR-Website\SeQR-Backend\SeQR-Backend\src\main\resources
2023-01-18 09:47:22,044 [Worker-23: Building] INFO  o.e.m.c.i.embedder.EclipseLogger - Using 'UTF-8' encoding to copy filtered resources.
2023-01-18 09:47:22,044 [Worker-23: Building] INFO  o.e.m.c.i.embedder.EclipseLogger - skip non existing resourceDirectory C:\Users\Acer\Documents\GitHub\SeQR-Website\SeQR-Backend\SeQR-Backend\src\test\resources
2023-01-18 09:47:22,044 [Worker-23: Building] INFO  o.e.m.w.i.f.ResourceFilteringBuildParticipant - Changed resources require a complete clean of filtered resources of SeQR-Backend
2023-01-18 09:47:22,044 [Worker-23: Building] INFO  o.e.m.w.i.f.ResourceFilteringBuildParticipant - Executing resource filtering for SeQR-Backend
2023-01-18 09:47:22,047 [Worker-23: Building] INFO  o.e.m.c.i.embedder.EclipseLogger - Using 'UTF-8' encoding to copy filtered resources.
2023-01-18 09:47:23,230 [Worker-31: Building] INFO  o.e.m.c.i.embedder.EclipseLogger - Using 'UTF-8' encoding to copy filtered resources.
2023-01-18 09:47:23,231 [Worker-31: Building] INFO  o.e.m.c.i.embedder.EclipseLogger - skip non existing resourceDirectory C:\Users\Acer\Documents\GitHub\SeQR-Website\SeQR-Backend\SeQR-Backend\src\main\resources
2023-01-18 09:47:23,232 [Worker-31: Building] INFO  o.e.m.c.i.embedder.EclipseLogger - Using 'UTF-8' encoding to copy filtered resources.
2023-01-18 09:47:23,232 [Worker-31: Building] INFO  o.e.m.c.i.embedder.EclipseLogger - skip non existing resourceDirectory C:\Users\Acer\Documents\GitHub\SeQR-Website\SeQR-Backend\SeQR-Backend\src\test\resources
2023-01-18 09:47:51,789 [Worker-28: Updating Maven Project] INFO  o.e.m.c.i.p.ProjectConfigurationManager - Update started
2023-01-18 09:47:52,020 [Worker-28: Updating Maven Project] INFO  o.e.m.c.i.l.LifecycleMappingFactory - Using org.maven.ide.eclipse.wtp.WarLifecycleMapping lifecycle mapping for MavenProject: com.seqr.restapi:SeQR-Backend:0.0.1-SNAPSHOT @ C:\Users\Acer\Documents\GitHub\SeQR-Website\SeQR-Backend\SeQR-Backend\pom.xml.
2023-01-18 09:47:52,549 [Worker-28: Updating Maven Project] INFO  o.e.m.j.i.AbstractJavaProjectConfigurator - Adding source folder /SeQR-Backend/src/main/java
2023-01-18 09:47:52,550 [Worker-28: Updating Maven Project] INFO  o.e.m.j.i.AbstractJavaProjectConfigurator - Adding source folder /SeQR-Backend/src/test/java
2023-01-18 09:47:54,347 [Worker-28: Updating Maven Project] INFO  o.e.m.w.i.f.ResourceFilteringBuildParticipant - Cleaning filtered folder for SeQR-Backend
2023-01-18 09:47:54,353 [Worker-28: Updating Maven Project] INFO  o.e.m.c.i.p.ProjectConfigurationManager - Update completed: 2 sec
2023-01-18 09:47:54,804 [Worker-37: Building] INFO  o.e.m.c.i.embedder.EclipseLogger - Using 'UTF-8' encoding to copy filtered resources.
2023-01-18 09:47:54,804 [Worker-37: Building] INFO  o.e.m.c.i.embedder.EclipseLogger - skip non existing resourceDirectory C:\Users\Acer\Documents\GitHub\SeQR-Website\SeQR-Backend\SeQR-Backend\src\main\resources
2023-01-18 09:47:54,806 [Worker-37: Building] INFO  o.e.m.c.i.embedder.EclipseLogger - Using 'UTF-8' encoding to copy filtered resources.
2023-01-18 09:47:54,806 [Worker-37: Building] INFO  o.e.m.c.i.embedder.EclipseLogger - skip non existing resourceDirectory C:\Users\Acer\Documents\GitHub\SeQR-Website\SeQR-Backend\SeQR-Backend\src\test\resources
2023-01-18 09:47:54,807 [Worker-37: Building] INFO  o.e.m.w.i.f.ResourceFilteringBuildParticipant - Changed resources require a complete clean of filtered resources of SeQR-Backend
2023-01-18 09:47:54,807 [Worker-37: Building] INFO  o.e.m.w.i.f.ResourceFilteringBuildParticipant - Executing resource filtering for SeQR-Backend
2023-01-18 09:47:54,811 [Worker-37: Building] INFO  o.e.m.c.i.embedder.EclipseLogger - Using 'UTF-8' encoding to copy filtered resources.
2023-01-18 09:49:20,495 [Worker-33: Building] INFO  o.e.m.c.i.embedder.EclipseLogger - Using 'UTF-8' encoding to copy filtered resources.
2023-01-18 09:49:20,495 [Worker-33: Building] INFO  o.e.m.c.i.embedder.EclipseLogger - skip non existing resourceDirectory C:\Users\Acer\Documents\GitHub\SeQR-Website\SeQR-Backend\SeQR-Backend\src\main\resources
2023-01-18 09:49:20,496 [Worker-33: Building] INFO  o.e.m.c.i.embedder.EclipseLogger - Using 'UTF-8' encoding to copy filtered resources.
2023-01-18 09:49:20,496 [Worker-33: Building] INFO  o.e.m.c.i.embedder.EclipseLogger - skip non existing resourceDirectory C:\Users\Acer\Documents\GitHub\SeQR-Website\SeQR-Backend\SeQR-Backend\src\test\resources
2023-01-18 09:50:44,246 [Worker-38: Building] INFO  o.e.m.c.i.embedder.EclipseLogger - Using 'UTF-8' encoding to copy filtered resources.
2023-01-18 09:50:44,247 [Worker-38: Building] INFO  o.e.m.c.i.embedder.EclipseLogger - skip non existing resourceDirectory C:\Users\Acer\Documents\GitHub\SeQR-Website\SeQR-Backend\SeQR-Backend\src\main\resources
2023-01-18 09:50:44,248 [Worker-38: Building] INFO  o.e.m.c.i.embedder.EclipseLogger - Using 'UTF-8' encoding to copy filtered resources.
2023-01-18 09:50:44,248 [Worker-38: Building] INFO  o.e.m.c.i.embedder.EclipseLogger - skip non existing resourceDirectory C:\Users\Acer\Documents\GitHub\SeQR-Website\SeQR-Backend\SeQR-Backend\src\test\resources
2023-01-18 09:57:56,209 [Worker-41: Creating maven-archetype-webapp] INFO  o.e.m.c.i.p.ProjectConfigurationManager - Collecting project info '/pom.xml' C:\Users\Acer\Documents\GitHub\SeQR-Website\SeQR-Backend\SeQR-Backend\pom.xml
2023-01-18 09:57:56,488 [Worker-41: Creating maven-archetype-webapp] INFO  o.e.m.c.i.l.LifecycleMappingFactory - Using org.maven.ide.eclipse.wtp.WarLifecycleMapping lifecycle mapping for MavenProject: com.seqr.restapi:SeQR-Backend:0.0.1-SNAPSHOT @ C:\Users\Acer\Documents\GitHub\SeQR-Website\SeQR-Backend\SeQR-Backend\pom.xml.
2023-01-18 09:57:56,849 [Worker-41: Creating maven-archetype-webapp] INFO  o.e.m.j.i.AbstractJavaProjectConfigurator - Adding source folder /SeQR-Backend/src/main/java
2023-01-18 09:57:56,849 [Worker-41: Creating maven-archetype-webapp] INFO  o.e.m.j.i.AbstractJavaProjectConfigurator - Adding source folder /SeQR-Backend/src/test/java
2023-01-18 09:57:58,384 [Worker-41: Creating maven-archetype-webapp] INFO  o.e.m.c.i.p.ProjectConfigurationManager - Imported and configured 1 project(s) in 2 sec
2023-01-18 09:57:58,656 [Worker-40: Building] INFO  o.e.m.c.i.embedder.EclipseLogger - Using 'UTF-8' encoding to copy filtered resources.
2023-01-18 09:57:58,657 [Worker-40: Building] INFO  o.e.m.c.i.embedder.EclipseLogger - skip non existing resourceDirectory C:\Users\Acer\Documents\GitHub\SeQR-Website\SeQR-Backend\SeQR-Backend\src\main\resources
2023-01-18 09:57:58,658 [Worker-40: Building] INFO  o.e.m.c.i.embedder.EclipseLogger - Using 'UTF-8' encoding to copy filtered resources.
2023-01-18 09:57:58,658 [Worker-40: Building] INFO  o.e.m.c.i.embedder.EclipseLogger - skip non existing resourceDirectory C:\Users\Acer\Documents\GitHub\SeQR-Website\SeQR-Backend\SeQR-Backend\src\test\resources
2023-01-18 09:58:25,692 [Worker-44: Building] INFO  o.e.m.c.i.embedder.EclipseLogger - Using 'UTF-8' encoding to copy filtered resources.
2023-01-18 09:58:25,692 [Worker-44: Building] INFO  o.e.m.c.i.embedder.EclipseLogger - skip non existing resourceDirectory C:\Users\Acer\Documents\GitHub\SeQR-Website\SeQR-Backend\SeQR-Backend\src\main\resources
2023-01-18 09:58:25,694 [Worker-44: Building] INFO  o.e.m.c.i.embedder.EclipseLogger - Using 'UTF-8' encoding to copy filtered resources.
2023-01-18 09:58:25,694 [Worker-44: Building] INFO  o.e.m.c.i.embedder.EclipseLogger - skip non existing resourceDirectory C:\Users\Acer\Documents\GitHub\SeQR-Website\SeQR-Backend\SeQR-Backend\src\test\resources
2023-01-18 09:58:35,372 [Worker-31: Building] INFO  o.e.m.c.i.l.LifecycleMappingFactory - Using org.maven.ide.eclipse.wtp.WarLifecycleMapping lifecycle mapping for MavenProject: com.seqr.restapi:SeQR-Backend:0.0.1-SNAPSHOT @ C:\Users\Acer\Documents\GitHub\SeQR-Website\SeQR-Backend\SeQR-Backend\pom.xml.
2023-01-18 09:58:35,826 [Worker-31: Building] INFO  o.e.m.c.i.embedder.EclipseLogger - Using 'UTF-8' encoding to copy filtered resources.
2023-01-18 09:58:35,826 [Worker-31: Building] INFO  o.e.m.c.i.embedder.EclipseLogger - skip non existing resourceDirectory C:\Users\Acer\Documents\GitHub\SeQR-Website\SeQR-Backend\SeQR-Backend\src\main\resources
2023-01-18 09:58:35,828 [Worker-31: Building] INFO  o.e.m.c.i.embedder.EclipseLogger - Using 'UTF-8' encoding to copy filtered resources.
2023-01-18 09:58:35,829 [Worker-31: Building] INFO  o.e.m.c.i.embedder.EclipseLogger - skip non existing resourceDirectory C:\Users\Acer\Documents\GitHub\SeQR-Website\SeQR-Backend\SeQR-Backend\src\test\resources
2023-01-18 09:58:35,829 [Worker-31: Building] INFO  o.e.m.w.i.f.ResourceFilteringBuildParticipant - Changed resources require a complete clean of filtered resources of SeQR-Backend
2023-01-18 09:58:35,829 [Worker-31: Building] INFO  o.e.m.w.i.f.ResourceFilteringBuildParticipant - Executing resource filtering for SeQR-Backend
2023-01-18 09:58:35,834 [Worker-31: Building] INFO  o.e.m.c.i.embedder.EclipseLogger - Using 'UTF-8' encoding to copy filtered resources.
2023-01-18 09:58:41,643 [Worker-31: Updating Maven Project] INFO  o.e.m.c.i.p.ProjectConfigurationManager - Update started
2023-01-18 09:58:41,843 [Worker-31: Updating Maven Project] INFO  o.e.m.c.i.l.LifecycleMappingFactory - Using org.maven.ide.eclipse.wtp.WarLifecycleMapping lifecycle mapping for MavenProject: com.seqr.restapi:SeQR-Backend:0.0.1-SNAPSHOT @ C:\Users\Acer\Documents\GitHub\SeQR-Website\SeQR-Backend\SeQR-Backend\pom.xml.
2023-01-18 09:58:42,295 [Worker-31: Updating Maven Project] INFO  o.e.m.j.i.AbstractJavaProjectConfigurator - Adding source folder /SeQR-Backend/src/main/java
2023-01-18 09:58:42,296 [Worker-31: Updating Maven Project] INFO  o.e.m.j.i.AbstractJavaProjectConfigurator - Adding source folder /SeQR-Backend/src/test/java
2023-01-18 09:58:42,749 [Worker-31: Updating Maven Project] INFO  o.e.m.w.i.f.ResourceFilteringBuildParticipant - Cleaning filtered folder for SeQR-Backend
2023-01-18 09:58:42,754 [Worker-31: Updating Maven Project] INFO  o.e.m.c.i.p.ProjectConfigurationManager - Update completed: 1 sec
2023-01-18 09:58:43,408 [Worker-31: Building Project SeQR-Backend] INFO  o.e.m.c.i.embedder.EclipseLogger - Using 'UTF-8' encoding to copy filtered resources.
2023-01-18 09:58:43,408 [Worker-31: Building Project SeQR-Backend] INFO  o.e.m.c.i.embedder.EclipseLogger - skip non existing resourceDirectory C:\Users\Acer\Documents\GitHub\SeQR-Website\SeQR-Backend\SeQR-Backend\src\main\resources
2023-01-18 09:58:43,409 [Worker-31: Building Project SeQR-Backend] INFO  o.e.m.c.i.embedder.EclipseLogger - Using 'UTF-8' encoding to copy filtered resources.
2023-01-18 09:58:43,410 [Worker-31: Building Project SeQR-Backend] INFO  o.e.m.c.i.embedder.EclipseLogger - skip non existing resourceDirectory C:\Users\Acer\Documents\GitHub\SeQR-Website\SeQR-Backend\SeQR-Backend\src\test\resources
2023-01-18 09:58:43,410 [Worker-31: Building Project SeQR-Backend] INFO  o.e.m.w.i.f.ResourceFilteringBuildParticipant - Changed resources require a complete clean of filtered resources of SeQR-Backend
2023-01-18 09:58:43,410 [Worker-31: Building Project SeQR-Backend] INFO  o.e.m.w.i.f.ResourceFilteringBuildParticipant - Executing resource filtering for SeQR-Backend
2023-01-18 09:58:43,412 [Worker-31: Building Project SeQR-Backend] INFO  o.e.m.c.i.embedder.EclipseLogger - Using 'UTF-8' encoding to copy filtered resources.
2023-01-18 09:58:53,696 [Worker-40: Building] INFO  o.e.m.c.i.embedder.EclipseLogger - Using 'UTF-8' encoding to copy filtered resources.
2023-01-18 09:58:53,696 [Worker-40: Building] INFO  o.e.m.c.i.embedder.EclipseLogger - skip non existing resourceDirectory C:\Users\Acer\Documents\GitHub\SeQR-Website\SeQR-Backend\SeQR-Backend\src\main\resources
2023-01-18 09:58:53,697 [Worker-40: Building] INFO  o.e.m.c.i.embedder.EclipseLogger - Using 'UTF-8' encoding to copy filtered resources.
2023-01-18 09:58:53,697 [Worker-40: Building] INFO  o.e.m.c.i.embedder.EclipseLogger - skip non existing resourceDirectory C:\Users\Acer\Documents\GitHub\SeQR-Website\SeQR-Backend\SeQR-Backend\src\test\resources
2023-01-18 09:59:46,622 [Worker-43: Building] INFO  o.e.m.c.i.l.LifecycleMappingFactory - Using org.maven.ide.eclipse.wtp.WarLifecycleMapping lifecycle mapping for MavenProject: com.seqr.restapi:SeQR-Backend:0.0.1-SNAPSHOT @ C:\Users\Acer\Documents\GitHub\SeQR-Website\SeQR-Backend\SeQR-Backend\pom.xml.
2023-01-18 09:59:47,044 [Worker-43: Building] INFO  o.e.m.c.i.embedder.EclipseLogger - Using 'UTF-8' encoding to copy filtered resources.
2023-01-18 09:59:47,044 [Worker-43: Building] INFO  o.e.m.c.i.embedder.EclipseLogger - skip non existing resourceDirectory C:\Users\Acer\Documents\GitHub\SeQR-Website\SeQR-Backend\SeQR-Backend\src\main\resources
2023-01-18 09:59:47,046 [Worker-43: Building] INFO  o.e.m.c.i.embedder.EclipseLogger - Using 'UTF-8' encoding to copy filtered resources.
2023-01-18 09:59:47,046 [Worker-43: Building] INFO  o.e.m.c.i.embedder.EclipseLogger - skip non existing resourceDirectory C:\Users\Acer\Documents\GitHub\SeQR-Website\SeQR-Backend\SeQR-Backend\src\test\resources
2023-01-18 09:59:47,046 [Worker-43: Building] INFO  o.e.m.w.i.f.ResourceFilteringBuildParticipant - Changed resources require a complete clean of filtered resources of SeQR-Backend
2023-01-18 09:59:47,046 [Worker-43: Building] INFO  o.e.m.w.i.f.ResourceFilteringBuildParticipant - Executing resource filtering for SeQR-Backend
2023-01-18 09:59:47,049 [Worker-43: Building] INFO  o.e.m.c.i.embedder.EclipseLogger - Using 'UTF-8' encoding to copy filtered resources.
2023-01-18 09:59:53,097 [Worker-41: Updating Maven Project] INFO  o.e.m.c.i.p.ProjectConfigurationManager - Update started
2023-01-18 09:59:53,315 [Worker-41: Updating Maven Project] INFO  o.e.m.c.i.l.LifecycleMappingFactory - Using org.maven.ide.eclipse.wtp.WarLifecycleMapping lifecycle mapping for MavenProject: com.seqr.restapi:SeQR-Backend:0.0.1-SNAPSHOT @ C:\Users\Acer\Documents\GitHub\SeQR-Website\SeQR-Backend\SeQR-Backend\pom.xml.
2023-01-18 09:59:53,944 [Worker-41: Updating Maven Project] INFO  o.e.m.j.i.AbstractJavaProjectConfigurator - Adding source folder /SeQR-Backend/src/main/java
2023-01-18 09:59:53,944 [Worker-41: Updating Maven Project] INFO  o.e.m.j.i.AbstractJavaProjectConfigurator - Adding source folder /SeQR-Backend/src/test/java
2023-01-18 09:59:55,521 [Worker-41: Updating Maven Project] INFO  o.e.m.w.i.f.ResourceFilteringBuildParticipant - Cleaning filtered folder for SeQR-Backend
2023-01-18 09:59:55,526 [Worker-41: Updating Maven Project] INFO  o.e.m.c.i.p.ProjectConfigurationManager - Update completed: 2 sec
2023-01-18 09:59:55,852 [Worker-40: Building] INFO  o.e.m.c.i.embedder.EclipseLogger - Using 'UTF-8' encoding to copy filtered resources.
2023-01-18 09:59:55,852 [Worker-40: Building] INFO  o.e.m.c.i.embedder.EclipseLogger - skip non existing resourceDirectory C:\Users\Acer\Documents\GitHub\SeQR-Website\SeQR-Backend\SeQR-Backend\src\main\resources
2023-01-18 09:59:55,853 [Worker-40: Building] INFO  o.e.m.c.i.embedder.EclipseLogger - Using 'UTF-8' encoding to copy filtered resources.
2023-01-18 09:59:55,854 [Worker-40: Building] INFO  o.e.m.c.i.embedder.EclipseLogger - skip non existing resourceDirectory C:\Users\Acer\Documents\GitHub\SeQR-Website\SeQR-Backend\SeQR-Backend\src\test\resources
2023-01-18 09:59:55,854 [Worker-40: Building] INFO  o.e.m.w.i.f.ResourceFilteringBuildParticipant - Changed resources require a complete clean of filtered resources of SeQR-Backend
2023-01-18 09:59:55,854 [Worker-40: Building] INFO  o.e.m.w.i.f.ResourceFilteringBuildParticipant - Executing resource filtering for SeQR-Backend
2023-01-18 09:59:55,856 [Worker-40: Building] INFO  o.e.m.c.i.embedder.EclipseLogger - Using 'UTF-8' encoding to copy filtered resources.
2023-01-18 10:01:23,548 [Worker-45: Building] INFO  o.e.m.c.i.embedder.EclipseLogger - Using 'UTF-8' encoding to copy filtered resources.
2023-01-18 10:01:23,548 [Worker-45: Building] INFO  o.e.m.c.i.embedder.EclipseLogger - skip non existing resourceDirectory C:\Users\Acer\Documents\GitHub\SeQR-Website\SeQR-Backend\SeQR-Backend\src\main\resources
2023-01-18 10:01:23,550 [Worker-45: Building] INFO  o.e.m.c.i.embedder.EclipseLogger - Using 'UTF-8' encoding to copy filtered resources.
2023-01-18 10:01:23,550 [Worker-45: Building] INFO  o.e.m.c.i.embedder.EclipseLogger - skip non existing resourceDirectory C:\Users\Acer\Documents\GitHub\SeQR-Website\SeQR-Backend\SeQR-Backend\src\test\resources
2023-01-18 10:03:09,418 [Worker-47: Building] INFO  o.e.m.c.i.embedder.EclipseLogger - Using 'UTF-8' encoding to copy filtered resources.
2023-01-18 10:03:09,418 [Worker-47: Building] INFO  o.e.m.c.i.embedder.EclipseLogger - skip non existing resourceDirectory C:\Users\Acer\Documents\GitHub\SeQR-Website\SeQR-Backend\SeQR-Backend\src\main\resources
2023-01-18 10:03:09,419 [Worker-47: Building] INFO  o.e.m.c.i.embedder.EclipseLogger - Using 'UTF-8' encoding to copy filtered resources.
2023-01-18 10:03:09,419 [Worker-47: Building] INFO  o.e.m.c.i.embedder.EclipseLogger - skip non existing resourceDirectory C:\Users\Acer\Documents\GitHub\SeQR-Website\SeQR-Backend\SeQR-Backend\src\test\resources
2023-01-18 10:04:57,664 [Worker-49: Building] INFO  o.e.m.c.i.embedder.EclipseLogger - Using 'UTF-8' encoding to copy filtered resources.
2023-01-18 10:04:57,664 [Worker-49: Building] INFO  o.e.m.c.i.embedder.EclipseLogger - skip non existing resourceDirectory C:\Users\Acer\Documents\GitHub\SeQR-Website\SeQR-Backend\SeQR-Backend\src\main\resources
2023-01-18 10:04:57,665 [Worker-49: Building] INFO  o.e.m.c.i.embedder.EclipseLogger - Using 'UTF-8' encoding to copy filtered resources.
2023-01-18 10:04:57,665 [Worker-49: Building] INFO  o.e.m.c.i.embedder.EclipseLogger - skip non existing resourceDirectory C:\Users\Acer\Documents\GitHub\SeQR-Website\SeQR-Backend\SeQR-Backend\src\test\resources
2023-01-18 10:06:40,461 [Worker-48: Building] INFO  o.e.m.c.i.embedder.EclipseLogger - Using 'UTF-8' encoding to copy filtered resources.
2023-01-18 10:06:40,461 [Worker-48: Building] INFO  o.e.m.c.i.embedder.EclipseLogger - skip non existing resourceDirectory C:\Users\Acer\Documents\GitHub\SeQR-Website\SeQR-Backend\SeQR-Backend\src\main\resources
2023-01-18 10:06:40,462 [Worker-48: Building] INFO  o.e.m.c.i.embedder.EclipseLogger - Using 'UTF-8' encoding to copy filtered resources.
2023-01-18 10:06:40,462 [Worker-48: Building] INFO  o.e.m.c.i.embedder.EclipseLogger - skip non existing resourceDirectory C:\Users\Acer\Documents\GitHub\SeQR-Website\SeQR-Backend\SeQR-Backend\src\test\resources
2023-01-18 10:07:05,457 [Worker-50: Building] INFO  o.e.m.c.i.embedder.EclipseLogger - Using 'UTF-8' encoding to copy filtered resources.
2023-01-18 10:07:05,457 [Worker-50: Building] INFO  o.e.m.c.i.embedder.EclipseLogger - skip non existing resourceDirectory C:\Users\Acer\Documents\GitHub\SeQR-Website\SeQR-Backend\SeQR-Backend\src\main\resources
2023-01-18 10:07:05,458 [Worker-50: Building] INFO  o.e.m.c.i.embedder.EclipseLogger - Using 'UTF-8' encoding to copy filtered resources.
2023-01-18 10:07:05,458 [Worker-50: Building] INFO  o.e.m.c.i.embedder.EclipseLogger - skip non existing resourceDirectory C:\Users\Acer\Documents\GitHub\SeQR-Website\SeQR-Backend\SeQR-Backend\src\test\resources
2023-01-18 10:11:00,171 [Worker-8: Loading available Gradle versions] INFO  o.e.b.c.i.u.g.PublishedGradleVersions - Gradle version information cache is up-to-date. Trying to read.
